1640299363.979718 client started (1999290): version 3.2a, socket /tmp/tmux-1000/default, protocol 8
1640299363.979748 on Linux 5.13.19-2-MANJARO #1 SMP PREEMPT Sun Sep 19 21:31:53 UTC 2021
1640299363.979753 using libevent 2.1.12-stable (poll); ncurses 6.2
1640299363.979769 flags are 0x18010000
1640299363.979773 socket is /tmp/tmux-1000/default
1640299363.979786 trying connect
1640299363.979844 add peer 0x5646def23d20: 6 ((nil))
1640299363.980150 sending message 100 to peer 0x5646def23d20 (4 bytes)
1640299363.980158 sending message 111 to peer 0x5646def23d20 (8 bytes)
1640299363.980163 sending message 101 to peer 0x5646def23d20 (10 bytes)
1640299363.980167 sending message 109 to peer 0x5646def23d20 (4 bytes)
1640299363.980172 sending message 102 to peer 0x5646def23d20 (11 bytes)
1640299363.980176 sending message 108 to peer 0x5646def23d20 (34 bytes)
1640299363.980180 sending message 112 to peer 0x5646def23d20 (58 bytes)
1640299363.980185 sending message 112 to peer 0x5646def23d20 (5 bytes)
1640299363.980190 sending message 112 to peer 0x5646def23d20 (5 bytes)
1640299363.980194 sending message 112 to peer 0x5646def23d20 (6 bytes)
1640299363.980198 sending message 112 to peer 0x5646def23d20 (6 bytes)
1640299363.980203 sending message 112 to peer 0x5646def23d20 (11 bytes)
1640299363.980207 sending message 112 to peer 0x5646def23d20 (10 bytes)
1640299363.980211 sending message 112 to peer 0x5646def23d20 (13 bytes)
1640299363.980215 sending message 112 to peer 0x5646def23d20 (14 bytes)
1640299363.980219 sending message 112 to peer 0x5646def23d20 (19 bytes)
1640299363.980224 sending message 112 to peer 0x5646def23d20 (11 bytes)
1640299363.980229 sending message 112 to peer 0x5646def23d20 (10 bytes)
1640299363.980233 sending message 112 to peer 0x5646def23d20 (15 bytes)
1640299363.980237 sending message 112 to peer 0x5646def23d20 (21 bytes)
1640299363.980241 sending message 112 to peer 0x5646def23d20 (13 bytes)
1640299363.980245 sending message 112 to peer 0x5646def23d20 (7 bytes)
1640299363.980250 sending message 112 to peer 0x5646def23d20 (13 bytes)
1640299363.980254 sending message 112 to peer 0x5646def23d20 (7 bytes)
1640299363.980258 sending message 112 to peer 0x5646def23d20 (13 bytes)
1640299363.980262 sending message 112 to peer 0x5646def23d20 (9 bytes)
1640299363.980266 sending message 112 to peer 0x5646def23d20 (21 bytes)
1640299363.980270 sending message 112 to peer 0x5646def23d20 (13 bytes)
1640299363.980275 sending message 112 to peer 0x5646def23d20 (9 bytes)
1640299363.980279 sending message 112 to peer 0x5646def23d20 (16 bytes)
1640299363.980283 sending message 112 to peer 0x5646def23d20 (13 bytes)
1640299363.980287 sending message 112 to peer 0x5646def23d20 (9 bytes)
1640299363.980291 sending message 112 to peer 0x5646def23d20 (9 bytes)
1640299363.980295 sending message 112 to peer 0x5646def23d20 (12 bytes)
1640299363.980299 sending message 112 to peer 0x5646def23d20 (8 bytes)
1640299363.980303 sending message 112 to peer 0x5646def23d20 (8 bytes)
1640299363.980307 sending message 112 to peer 0x5646def23d20 (13 bytes)
1640299363.980312 sending message 112 to peer 0x5646def23d20 (7 bytes)
1640299363.980316 sending message 112 to peer 0x5646def23d20 (7 bytes)
1640299363.980320 sending message 112 to peer 0x5646def23d20 (9 bytes)
1640299363.980325 sending message 112 to peer 0x5646def23d20 (6 bytes)
1640299363.980329 sending message 112 to peer 0x5646def23d20 (9 bytes)
1640299363.980333 sending message 112 to peer 0x5646def23d20 (15 bytes)
1640299363.980337 sending message 112 to peer 0x5646def23d20 (13 bytes)
1640299363.980341 sending message 112 to peer 0x5646def23d20 (12 bytes)
1640299363.980345 sending message 112 to peer 0x5646def23d20 (8 bytes)
1640299363.980349 sending message 112 to peer 0x5646def23d20 (14 bytes)
1640299363.980353 sending message 112 to peer 0x5646def23d20 (11 bytes)
1640299363.980357 sending message 112 to peer 0x5646def23d20 (9 bytes)
1640299363.980361 sending message 112 to peer 0x5646def23d20 (10 bytes)
1640299363.980366 sending message 112 to peer 0x5646def23d20 (10 bytes)
1640299363.980370 sending message 112 to peer 0x5646def23d20 (10 bytes)
1640299363.980382 sending message 112 to peer 0x5646def23d20 (10 bytes)
1640299363.980386 sending message 112 to peer 0x5646def23d20 (11 bytes)
1640299363.980390 sending message 112 to peer 0x5646def23d20 (12 bytes)
1640299363.980394 sending message 112 to peer 0x5646def23d20 (12 bytes)
1640299363.980399 sending message 112 to peer 0x5646def23d20 (12 bytes)
1640299363.980403 sending message 112 to peer 0x5646def23d20 (12 bytes)
1640299363.980407 sending message 112 to peer 0x5646def23d20 (12 bytes)
1640299363.980411 sending message 112 to peer 0x5646def23d20 (11 bytes)
1640299363.980415 sending message 112 to peer 0x5646def23d20 (11 bytes)
1640299363.980419 sending message 112 to peer 0x5646def23d20 (12 bytes)
1640299363.980423 sending message 112 to peer 0x5646def23d20 (12 bytes)
1640299363.980427 sending message 112 to peer 0x5646def23d20 (12 bytes)
1640299363.980431 sending message 112 to peer 0x5646def23d20 (12 bytes)
1640299363.980435 sending message 112 to peer 0x5646def23d20 (12 bytes)
1640299363.980439 sending message 112 to peer 0x5646def23d20 (9 bytes)
1640299363.980444 sending message 112 to peer 0x5646def23d20 (12 bytes)
1640299363.980448 sending message 112 to peer 0x5646def23d20 (13 bytes)
1640299363.980452 sending message 112 to peer 0x5646def23d20 (13 bytes)
1640299363.980456 sending message 112 to peer 0x5646def23d20 (13 bytes)
1640299363.980460 sending message 112 to peer 0x5646def23d20 (13 bytes)
1640299363.980464 sending message 112 to peer 0x5646def23d20 (13 bytes)
1640299363.980468 sending message 112 to peer 0x5646def23d20 (8 bytes)
1640299363.980472 sending message 112 to peer 0x5646def23d20 (11 bytes)
1640299363.980476 sending message 112 to peer 0x5646def23d20 (11 bytes)
1640299363.980480 sending message 112 to peer 0x5646def23d20 (11 bytes)
1640299363.980484 sending message 112 to peer 0x5646def23d20 (12 bytes)
1640299363.980488 sending message 112 to peer 0x5646def23d20 (12 bytes)
1640299363.980493 sending message 112 to peer 0x5646def23d20 (12 bytes)
1640299363.980497 sending message 112 to peer 0x5646def23d20 (12 bytes)
1640299363.980501 sending message 112 to peer 0x5646def23d20 (13 bytes)
1640299363.980505 sending message 112 to peer 0x5646def23d20 (13 bytes)
1640299363.980509 sending message 112 to peer 0x5646def23d20 (13 bytes)
1640299363.980513 sending message 112 to peer 0x5646def23d20 (8 bytes)
1640299363.980517 sending message 112 to peer 0x5646def23d20 (13 bytes)
1640299363.980521 sending message 112 to peer 0x5646def23d20 (13 bytes)
1640299363.980525 sending message 112 to peer 0x5646def23d20 (13 bytes)
1640299363.980529 sending message 112 to peer 0x5646def23d20 (13 bytes)
1640299363.980533 sending message 112 to peer 0x5646def23d20 (13 bytes)
1640299363.980537 sending message 112 to peer 0x5646def23d20 (12 bytes)
1640299363.980541 sending message 112 to peer 0x5646def23d20 (12 bytes)
1640299363.980545 sending message 112 to peer 0x5646def23d20 (12 bytes)
1640299363.980549 sending message 112 to peer 0x5646def23d20 (12 bytes)
1640299363.980554 sending message 112 to peer 0x5646def23d20 (13 bytes)
1640299363.980558 sending message 112 to peer 0x5646def23d20 (8 bytes)
1640299363.980562 sending message 112 to peer 0x5646def23d20 (13 bytes)
1640299363.980566 sending message 112 to peer 0x5646def23d20 (13 bytes)
1640299363.980570 sending message 112 to peer 0x5646def23d20 (13 bytes)
1640299363.980575 sending message 112 to peer 0x5646def23d20 (13 bytes)
1640299363.980579 sending message 112 to peer 0x5646def23d20 (13 bytes)
1640299363.980583 sending message 112 to peer 0x5646def23d20 (13 bytes)
1640299363.980587 sending message 112 to peer 0x5646def23d20 (13 bytes)
1640299363.980591 sending message 112 to peer 0x5646def23d20 (12 bytes)
1640299363.980595 sending message 112 to peer 0x5646def23d20 (12 bytes)
1640299363.980599 sending message 112 to peer 0x5646def23d20 (12 bytes)
1640299363.980603 sending message 112 to peer 0x5646def23d20 (8 bytes)
1640299363.980607 sending message 112 to peer 0x5646def23d20 (12 bytes)
1640299363.980611 sending message 112 to peer 0x5646def23d20 (13 bytes)
1640299363.980620 sending message 112 to peer 0x5646def23d20 (13 bytes)
1640299363.980624 sending message 112 to peer 0x5646def23d20 (13 bytes)
1640299363.980628 sending message 112 to peer 0x5646def23d20 (13 bytes)
1640299363.980632 sending message 112 to peer 0x5646def23d20 (13 bytes)
1640299363.980636 sending message 112 to peer 0x5646def23d20 (13 bytes)
1640299363.980640 sending message 112 to peer 0x5646def23d20 (13 bytes)
1640299363.980644 sending message 112 to peer 0x5646def23d20 (13 bytes)
1640299363.980648 sending message 112 to peer 0x5646def23d20 (12 bytes)
1640299363.980652 sending message 112 to peer 0x5646def23d20 (10 bytes)
1640299363.980656 sending message 112 to peer 0x5646def23d20 (12 bytes)
1640299363.980660 sending message 112 to peer 0x5646def23d20 (12 bytes)
1640299363.980664 sending message 112 to peer 0x5646def23d20 (12 bytes)
1640299363.980668 sending message 112 to peer 0x5646def23d20 (13 bytes)
1640299363.980672 sending message 112 to peer 0x5646def23d20 (13 bytes)
1640299363.980676 sending message 112 to peer 0x5646def23d20 (13 bytes)
1640299363.980680 sending message 112 to peer 0x5646def23d20 (13 bytes)
1640299363.980684 sending message 112 to peer 0x5646def23d20 (13 bytes)
1640299363.980689 sending message 112 to peer 0x5646def23d20 (13 bytes)
1640299363.980693 sending message 112 to peer 0x5646def23d20 (13 bytes)
1640299363.980697 sending message 112 to peer 0x5646def23d20 (10 bytes)
1640299363.980701 sending message 112 to peer 0x5646def23d20 (13 bytes)
1640299363.980705 sending message 112 to peer 0x5646def23d20 (12 bytes)
1640299363.980709 sending message 112 to peer 0x5646def23d20 (12 bytes)
1640299363.980713 sending message 112 to peer 0x5646def23d20 (12 bytes)
1640299363.980717 sending message 112 to peer 0x5646def23d20 (10 bytes)
1640299363.980721 sending message 112 to peer 0x5646def23d20 (10 bytes)
1640299363.980725 sending message 112 to peer 0x5646def23d20 (10 bytes)
1640299363.980729 sending message 112 to peer 0x5646def23d20 (12 bytes)
1640299363.980733 sending message 112 to peer 0x5646def23d20 (13 bytes)
1640299363.980737 sending message 112 to peer 0x5646def23d20 (13 bytes)
1640299363.980741 sending message 112 to peer 0x5646def23d20 (13 bytes)
1640299363.980745 sending message 112 to peer 0x5646def23d20 (13 bytes)
1640299363.980749 sending message 112 to peer 0x5646def23d20 (13 bytes)
1640299363.980753 sending message 112 to peer 0x5646def23d20 (10 bytes)
1640299363.980757 sending message 112 to peer 0x5646def23d20 (11 bytes)
1640299363.980761 sending message 112 to peer 0x5646def23d20 (12 bytes)
1640299363.980765 sending message 112 to peer 0x5646def23d20 (12 bytes)
1640299363.980769 sending message 112 to peer 0x5646def23d20 (12 bytes)
1640299363.980774 sending message 112 to peer 0x5646def23d20 (12 bytes)
1640299363.980778 sending message 112 to peer 0x5646def23d20 (12 bytes)
1640299363.980782 sending message 112 to peer 0x5646def23d20 (11 bytes)
1640299363.980786 sending message 112 to peer 0x5646def23d20 (12 bytes)
1640299363.980790 sending message 112 to peer 0x5646def23d20 (12 bytes)
1640299363.980794 sending message 112 to peer 0x5646def23d20 (13 bytes)
1640299363.980798 sending message 112 to peer 0x5646def23d20 (13 bytes)
1640299363.980802 sending message 112 to peer 0x5646def23d20 (13 bytes)
1640299363.980806 sending message 112 to peer 0x5646def23d20 (13 bytes)
1640299363.980810 sending message 112 to peer 0x5646def23d20 (13 bytes)
1640299363.980814 sending message 112 to peer 0x5646def23d20 (10 bytes)
1640299363.980818 sending message 112 to peer 0x5646def23d20 (9 bytes)
1640299363.980822 sending message 112 to peer 0x5646def23d20 (12 bytes)
1640299363.980826 sending message 112 to peer 0x5646def23d20 (13 bytes)
1640299363.980830 sending message 112 to peer 0x5646def23d20 (13 bytes)
1640299363.980834 sending message 112 to peer 0x5646def23d20 (13 bytes)
1640299363.980838 sending message 112 to peer 0x5646def23d20 (13 bytes)
1640299363.980842 sending message 112 to peer 0x5646def23d20 (13 bytes)
1640299363.980846 sending message 112 to peer 0x5646def23d20 (9 bytes)
1640299363.980855 sending message 112 to peer 0x5646def23d20 (12 bytes)
1640299363.980859 sending message 112 to peer 0x5646def23d20 (13 bytes)
1640299363.980863 sending message 112 to peer 0x5646def23d20 (13 bytes)
1640299363.980867 sending message 112 to peer 0x5646def23d20 (13 bytes)
1640299363.980871 sending message 112 to peer 0x5646def23d20 (13 bytes)
1640299363.980875 sending message 112 to peer 0x5646def23d20 (13 bytes)
1640299363.980882 sending message 112 to peer 0x5646def23d20 (11 bytes)
1640299363.980886 sending message 112 to peer 0x5646def23d20 (12 bytes)
1640299363.980890 sending message 112 to peer 0x5646def23d20 (13 bytes)
1640299363.980894 sending message 112 to peer 0x5646def23d20 (13 bytes)
1640299363.980898 sending message 112 to peer 0x5646def23d20 (13 bytes)
1640299363.980902 sending message 112 to peer 0x5646def23d20 (13 bytes)
1640299363.980906 sending message 112 to peer 0x5646def23d20 (13 bytes)
1640299363.980910 sending message 112 to peer 0x5646def23d20 (11 bytes)
1640299363.980913 sending message 112 to peer 0x5646def23d20 (12 bytes)
1640299363.980917 sending message 112 to peer 0x5646def23d20 (12 bytes)
1640299363.980921 sending message 112 to peer 0x5646def23d20 (12 bytes)
1640299363.980925 sending message 112 to peer 0x5646def23d20 (12 bytes)
1640299363.980929 sending message 112 to peer 0x5646def23d20 (12 bytes)
1640299363.980933 sending message 112 to peer 0x5646def23d20 (21 bytes)
1640299363.980937 sending message 112 to peer 0x5646def23d20 (12 bytes)
1640299363.980941 sending message 112 to peer 0x5646def23d20 (9 bytes)
1640299363.980947 sending message 112 to peer 0x5646def23d20 (6 bytes)
1640299363.980951 sending message 112 to peer 0x5646def23d20 (13 bytes)
1640299363.980955 sending message 112 to peer 0x5646def23d20 (10 bytes)
1640299363.980959 sending message 112 to peer 0x5646def23d20 (24 bytes)
1640299363.980963 sending message 112 to peer 0x5646def23d20 (13 bytes)
1640299363.980967 sending message 112 to peer 0x5646def23d20 (9 bytes)
1640299363.980971 sending message 112 to peer 0x5646def23d20 (70 bytes)
1640299363.980975 sending message 112 to peer 0x5646def23d20 (69 bytes)
1640299363.980979 sending message 112 to peer 0x5646def23d20 (12 bytes)
1640299363.980983 sending message 112 to peer 0x5646def23d20 (10 bytes)
1640299363.980987 sending message 112 to peer 0x5646def23d20 (10 bytes)
1640299363.980991 sending message 112 to peer 0x5646def23d20 (24 bytes)
1640299363.980995 sending message 112 to peer 0x5646def23d20 (13 bytes)
1640299363.980999 sending message 112 to peer 0x5646def23d20 (10 bytes)
1640299363.981003 sending message 112 to peer 0x5646def23d20 (10 bytes)
1640299363.981007 sending message 112 to peer 0x5646def23d20 (17 bytes)
1640299363.981012 sending message 112 to peer 0x5646def23d20 (10 bytes)
1640299363.981016 sending message 112 to peer 0x5646def23d20 (13 bytes)
1640299363.981020 sending message 112 to peer 0x5646def23d20 (9 bytes)
1640299363.981024 sending message 112 to peer 0x5646def23d20 (15 bytes)
1640299363.981028 sending message 112 to peer 0x5646def23d20 (5 bytes)
1640299363.981033 sending message 104 to peer 0x5646def23d20 (0 bytes)
1640299363.981037 sending message 110 to peer 0x5646def23d20 (0 bytes)
1640299363.981042 sending message 107 to peer 0x5646def23d20 (4 bytes)
1640299363.981046 sending message 105 to peer 0x5646def23d20 (41 bytes)
1640299363.981050 sending message 105 to peer 0x5646def23d20 (26 bytes)
1640299363.981054 sending message 105 to peer 0x5646def23d20 (20 bytes)
1640299363.981058 sending message 105 to peer 0x5646def23d20 (54 bytes)
1640299363.981062 sending message 105 to peer 0x5646def23d20 (11 bytes)
1640299363.981066 sending message 105 to peer 0x5646def23d20 (12 bytes)
1640299363.981070 sending message 105 to peer 0x5646def23d20 (30 bytes)
1640299363.981074 sending message 105 to peer 0x5646def23d20 (32 bytes)
1640299363.981080 sending message 105 to peer 0x5646def23d20 (16 bytes)
1640299363.981084 sending message 105 to peer 0x5646def23d20 (41 bytes)
1640299363.981088 sending message 105 to peer 0x5646def23d20 (47 bytes)
1640299363.981096 sending message 105 to peer 0x5646def23d20 (23 bytes)
1640299363.981100 sending message 105 to peer 0x5646def23d20 (17 bytes)
1640299363.981104 sending message 105 to peer 0x5646def23d20 (23 bytes)
1640299363.981108 sending message 105 to peer 0x5646def23d20 (30 bytes)
1640299363.981112 sending message 105 to peer 0x5646def23d20 (27 bytes)
1640299363.981116 sending message 105 to peer 0x5646def23d20 (24 bytes)
1640299363.981120 sending message 105 to peer 0x5646def23d20 (20 bytes)
1640299363.981124 sending message 105 to peer 0x5646def23d20 (23 bytes)
1640299363.981128 sending message 105 to peer 0x5646def23d20 (21 bytes)
1640299363.981132 sending message 105 to peer 0x5646def23d20 (25 bytes)
1640299363.981136 sending message 105 to peer 0x5646def23d20 (20 bytes)
1640299363.981140 sending message 105 to peer 0x5646def23d20 (8 bytes)
1640299363.981144 sending message 105 to peer 0x5646def23d20 (13 bytes)
1640299363.981150 sending message 105 to peer 0x5646def23d20 (32 bytes)
1640299363.981154 sending message 105 to peer 0x5646def23d20 (1519 bytes)
1640299363.981175 sending message 105 to peer 0x5646def23d20 (26 bytes)
1640299363.981179 sending message 105 to peer 0x5646def23d20 (15 bytes)
1640299363.981183 sending message 105 to peer 0x5646def23d20 (36 bytes)
1640299363.981188 sending message 105 to peer 0x5646def23d20 (11 bytes)
1640299363.981192 sending message 105 to peer 0x5646def23d20 (479 bytes)
1640299363.981196 sending message 105 to peer 0x5646def23d20 (38 bytes)
1640299363.981200 sending message 105 to peer 0x5646def23d20 (19 bytes)
1640299363.981205 sending message 105 to peer 0x5646def23d20 (8 bytes)
1640299363.981209 sending message 105 to peer 0x5646def23d20 (21 bytes)
1640299363.981213 sending message 105 to peer 0x5646def23d20 (15 bytes)
1640299363.981217 sending message 105 to peer 0x5646def23d20 (10 bytes)
1640299363.981221 sending message 105 to peer 0x5646def23d20 (18 bytes)
1640299363.981225 sending message 105 to peer 0x5646def23d20 (13 bytes)
1640299363.981230 sending message 105 to peer 0x5646def23d20 (34 bytes)
1640299363.981234 sending message 105 to peer 0x5646def23d20 (144 bytes)
1640299363.981238 sending message 105 to peer 0x5646def23d20 (31 bytes)
1640299363.981242 sending message 105 to peer 0x5646def23d20 (15 bytes)
1640299363.981246 sending message 105 to peer 0x5646def23d20 (23 bytes)
1640299363.981250 sending message 105 to peer 0x5646def23d20 (17 bytes)
1640299363.981255 sending message 105 to peer 0x5646def23d20 (21 bytes)
1640299363.981259 sending message 105 to peer 0x5646def23d20 (11 bytes)
1640299363.981263 sending message 105 to peer 0x5646def23d20 (26 bytes)
1640299363.981267 sending message 105 to peer 0x5646def23d20 (16 bytes)
1640299363.981271 sending message 106 to peer 0x5646def23d20 (0 bytes)
1640299363.981279 sending message 200 to peer 0x5646def23d20 (4 bytes)
1640299363.981284 client loop enter
1640299363.988141 peer 0x5646def23d20 message 207
1640299363.988205 sending message 208 to peer 0x5646def23d20 (0 bytes)
1640299367.979915 peer 0x5646def23d20 message 203
1640299367.979946 sending message 205 to peer 0x5646def23d20 (0 bytes)
1640299367.980174 peer 0x5646def23d20 message 204
1640299367.980186 client loop exit
